TN:
SF:src\application\errors\incorrect-password-error.ts
FN:4,IncorrectPasswordError
FNF:1
FNH:1
FNDA:2,IncorrectPasswordError
DA:1,1
DA:2,1
DA:3,1
DA:4,1
DA:5,2
DA:6,2
DA:7,2
DA:8,1
LF:8
LH:8
BRDA:4,0,0,2
BRF:1
BRH:1
end_of_record
TN:
SF:src\application\errors\user-already-exists-error.ts
FN:4,UserAlreadyExistsError
FNF:1
FNH:1
FNDA:4,UserAlreadyExistsError
DA:1,1
DA:2,1
DA:3,1
DA:4,1
DA:5,4
DA:6,4
DA:7,4
DA:8,1
LF:8
LH:8
BRDA:4,0,0,4
BRF:1
BRH:1
end_of_record
TN:
SF:src\application\errors\user-not-authorized-error.ts
FN:4,UserNotAuthorizedError
FNF:1
FNH:1
FNDA:4,UserNotAuthorizedError
DA:1,1
DA:2,1
DA:3,1
DA:4,1
DA:5,4
DA:6,4
DA:7,4
DA:8,1
LF:8
LH:8
BRDA:4,0,0,4
BRF:1
BRH:1
end_of_record
TN:
SF:src\application\errors\user-not-created-error.ts
FN:4,UserNotCreatedError
FNF:1
FNH:1
FNDA:4,UserNotCreatedError
DA:1,1
DA:2,1
DA:3,1
DA:4,1
DA:5,4
DA:6,4
DA:7,4
DA:8,1
LF:8
LH:8
BRDA:4,0,0,4
BRF:1
BRH:1
end_of_record
TN:
SF:src\application\errors\user-not-exists-error.ts
FN:4,UserNotExistsError
FNF:1
FNH:1
FNDA:2,UserNotExistsError
DA:1,1
DA:2,1
DA:3,1
DA:4,1
DA:5,2
DA:6,2
DA:7,2
DA:8,1
LF:8
LH:8
BRDA:4,0,0,2
BRF:1
BRH:1
end_of_record
TN:
SF:src\application\errors\user-not-found-error.ts
FN:4,UserNotFoundError
FNF:1
FNH:1
FNDA:2,UserNotFoundError
DA:1,1
DA:2,1
DA:3,1
DA:4,1
DA:5,2
DA:6,2
DA:7,2
DA:8,1
LF:8
LH:8
BRDA:4,0,0,2
BRF:1
BRH:1
end_of_record
TN:
SF:src\application\errors\comment-errors\comment-not-belong-post-error.ts
FN:4,CommentNotBelongPostError
FNF:1
FNH:1
FNDA:2,CommentNotBelongPostError
DA:1,1
DA:2,1
DA:3,1
DA:4,1
DA:5,2
DA:6,2
DA:7,2
DA:8,1
LF:8
LH:8
BRDA:4,0,0,2
BRF:1
BRH:1
end_of_record
TN:
SF:src\application\errors\comment-errors\comment-not-created-error.ts
FN:4,CommentNotCreatedError
FNF:1
FNH:1
FNDA:4,CommentNotCreatedError
DA:1,1
DA:2,1
DA:3,1
DA:4,1
DA:5,4
DA:6,4
DA:7,4
DA:8,1
LF:8
LH:8
BRDA:4,0,0,4
BRF:1
BRH:1
end_of_record
TN:
SF:src\application\errors\comment-errors\comment-not-deleted-error.ts
FN:4,CommentNotDeletedError
FNF:1
FNH:1
FNDA:2,CommentNotDeletedError
DA:1,1
DA:2,1
DA:3,1
DA:4,1
DA:5,2
DA:6,2
DA:7,2
DA:8,1
LF:8
LH:8
BRDA:4,0,0,2
BRF:1
BRH:1
end_of_record
TN:
SF:src\application\errors\comment-errors\comment-not-deleted-on-post-error.ts
FN:4,CommentNotDeletedOnPostError
FNF:1
FNH:1
FNDA:2,CommentNotDeletedOnPostError
DA:1,1
DA:2,1
DA:3,1
DA:4,1
DA:5,2
DA:6,2
DA:7,2
DA:8,1
LF:8
LH:8
BRDA:4,0,0,2
BRF:1
BRH:1
end_of_record
TN:
SF:src\application\errors\comment-errors\comment-not-found-error.ts
FN:4,CommentNotFoundError
FNF:1
FNH:1
FNDA:4,CommentNotFoundError
DA:1,1
DA:2,1
DA:3,1
DA:4,1
DA:5,4
DA:6,4
DA:7,4
DA:8,1
LF:8
LH:8
BRDA:4,0,0,4
BRF:1
BRH:1
end_of_record
TN:
SF:src\application\errors\post-errors\post-not-found-error.ts
FN:1,(empty-report)
FNF:1
FNH:0
FNDA:0,(empty-report)
DA:1,0
DA:2,0
DA:3,0
DA:4,0
DA:5,0
DA:6,0
DA:7,0
DA:8,0
LF:8
LH:0
BRDA:1,0,0,0
BRF:1
BRH:0
end_of_record
TN:
SF:src\application\errors\post-errors\post-update-comments-error.ts
FN:4,PostUpdateCommentError
FNF:1
FNH:1
FNDA:4,PostUpdateCommentError
DA:1,1
DA:2,1
DA:3,1
DA:4,1
DA:5,4
DA:6,4
DA:7,4
DA:8,1
LF:8
LH:8
BRDA:4,0,0,4
BRF:1
BRH:1
end_of_record
TN:
SF:src\application\helpers\comment-dto.ts
FN:6,commentCreatedDto
FN:17,commentsToPaginationDto
FNF:2
FNH:1
FNDA:2,commentCreatedDto
FNDA:0,commentsToPaginationDto
DA:1,1
DA:2,1
DA:3,1
DA:4,1
DA:5,1
DA:6,1
DA:7,2
DA:8,2
DA:9,2
DA:10,2
DA:11,2
DA:12,2
DA:13,2
DA:14,2
DA:15,2
DA:16,1
DA:17,1
DA:18,0
DA:19,0
DA:20,0
DA:21,0
DA:22,0
DA:23,0
DA:24,0
DA:25,0
DA:26,0
DA:27,0
DA:28,0
DA:29,0
DA:30,0
DA:31,0
DA:32,0
LF:32
LH:17
BRDA:6,0,0,2
BRF:1
BRH:1
end_of_record
TN:
SF:src\application\helpers\user-dto.ts
FN:10,userCreatedDto
FN:27,userDto
FN:44,fixName
FN:59,fixToLowerCase
FN:63,userToPaginationDto
FN:82,userEmailDto
FNF:6
FNH:3
FNDA:8,userCreatedDto
FNDA:3,userDto
FNDA:8,fixName
FNDA:0,fixToLowerCase
FNDA:0,userToPaginationDto
FNDA:0,userEmailDto
DA:1,1
DA:2,1
DA:3,1
DA:4,1
DA:5,1
DA:6,1
DA:7,1
DA:8,1
DA:9,1
DA:10,1
DA:11,8
DA:12,8
DA:13,8
DA:14,8
DA:15,8
DA:16,8
DA:17,8
DA:18,8
DA:19,8
DA:20,8
DA:21,8
DA:22,8
DA:23,8
DA:24,8
DA:25,8
DA:26,1
DA:27,1
DA:28,3
DA:29,3
DA:30,3
DA:31,3
DA:32,3
DA:33,3
DA:34,3
DA:35,3
DA:36,3
DA:37,3
DA:38,3
DA:39,3
DA:40,3
DA:41,3
DA:42,3
DA:43,1
DA:44,1
DA:45,8
DA:46,0
DA:47,0
DA:48,8
DA:49,8
DA:50,8
DA:51,8
DA:52,8
DA:53,8
DA:54,8
DA:55,8
DA:56,8
DA:57,8
DA:58,1
DA:59,1
DA:60,0
DA:61,0
DA:62,1
DA:63,1
DA:64,0
DA:65,0
DA:66,0
DA:67,0
DA:68,0
DA:69,0
DA:70,0
DA:71,0
DA:72,0
DA:73,0
DA:74,0
DA:75,0
DA:76,0
DA:77,0
DA:78,0
DA:79,0
DA:80,0
DA:81,1
DA:82,1
DA:83,0
DA:84,0
DA:85,0
LF:85
LH:61
BRDA:10,0,0,8
BRDA:27,1,0,3
BRDA:44,2,0,8
BRDA:45,3,0,0
BRDA:52,4,0,8
BRF:5
BRH:4
end_of_record
TN:
SF:src\application\services\comment-services\create-comment-service.ts
FN:14,CreateCommentService
FN:19,createComment
FNF:2
FNH:2
FNDA:7,CreateCommentService
FNDA:7,createComment
DA:1,1
DA:2,1
DA:3,1
DA:4,1
DA:5,1
DA:6,1
DA:7,1
DA:8,1
DA:9,1
DA:10,1
DA:11,1
DA:12,1
DA:13,1
DA:14,1
DA:15,7
DA:16,7
DA:17,7
DA:18,1
DA:19,1
DA:20,7
DA:21,7
DA:22,7
DA:23,7
DA:24,7
DA:25,6
DA:26,6
DA:27,6
DA:28,6
DA:29,6
DA:30,6
DA:31,7
DA:32,4
DA:33,4
DA:34,4
DA:35,4
DA:36,4
DA:37,7
DA:38,2
DA:39,2
DA:40,2
DA:41,1
LF:41
LH:41
BRDA:14,0,0,7
BRDA:19,1,0,7
BRDA:24,2,0,1
BRDA:25,3,0,6
BRDA:31,4,0,5
BRDA:31,5,0,1
BRDA:32,6,0,4
BRDA:37,7,0,3
BRDA:37,8,0,1
BRDA:38,9,0,2
BRF:10
BRH:10
end_of_record
TN:
SF:src\application\services\comment-services\delete-comment-service.ts
FN:16,DeleteCommentService
FN:22,deleteComment
FNF:2
FNH:2
FNDA:11,DeleteCommentService
FNDA:11,deleteComment
DA:1,1
DA:2,1
DA:3,1
DA:4,1
DA:5,1
DA:6,1
DA:7,1
DA:8,1
DA:9,1
DA:10,1
DA:11,1
DA:12,1
DA:13,1
DA:14,1
DA:15,1
DA:16,1
DA:17,11
DA:18,11
DA:19,11
DA:20,11
DA:21,1
DA:22,1
DA:23,11
DA:24,11
DA:25,11
DA:26,11
DA:27,10
DA:28,10
DA:29,10
DA:30,10
DA:31,11
DA:32,8
DA:33,11
DA:34,7
DA:35,7
DA:36,7
DA:37,7
DA:38,7
DA:39,11
DA:40,5
DA:41,5
DA:42,5
DA:43,5
DA:44,11
DA:45,3
DA:46,3
DA:47,3
DA:48,3
DA:49,3
DA:50,3
DA:51,1
LF:51
LH:51
BRDA:16,0,0,11
BRDA:22,1,0,11
BRDA:26,2,0,1
BRDA:27,3,0,10
BRDA:31,4,0,9
BRDA:31,5,0,1
BRDA:32,6,0,8
BRDA:33,7,0,1
BRDA:34,8,0,7
BRDA:39,9,0,6
BRDA:39,10,0,1
BRDA:40,11,0,5
BRDA:44,12,0,4
BRDA:44,13,0,1
BRDA:45,14,0,3
BRF:15
BRH:15
end_of_record
TN:
SF:src\application\services\comment-services\get-comment-by-id-service.ts
FN:7,GetCommentByIdService
FN:9,getCommentById
FNF:2
FNH:2
FNDA:3,GetCommentByIdService
FNDA:3,getCommentById
DA:1,1
DA:2,1
DA:3,1
DA:4,1
DA:5,1
DA:6,1
DA:7,1
DA:8,1
DA:9,1
DA:10,3
DA:11,3
DA:12,1
DA:13,1
DA:14,1
DA:15,1
LF:15
LH:15
BRDA:7,0,0,3
BRDA:9,1,0,3
BRDA:11,2,0,2
BRDA:11,3,0,1
BRF:4
BRH:4
end_of_record
TN:
SF:src\application\services\comment-services\list-comments-service.ts
FN:1,(empty-report)
FNF:1
FNH:0
FNDA:0,(empty-report)
DA:1,0
DA:2,0
DA:3,0
DA:4,0
DA:5,0
DA:6,0
DA:7,0
DA:8,0
DA:9,0
DA:10,0
DA:11,0
DA:12,0
DA:13,0
DA:14,0
DA:15,0
DA:16,0
DA:17,0
DA:18,0
DA:19,0
DA:20,0
DA:21,0
DA:22,0
DA:23,0
DA:24,0
DA:25,0
DA:26,0
DA:27,0
DA:28,0
DA:29,0
DA:30,0
LF:30
LH:0
BRDA:1,0,0,0
BRF:1
BRH:0
end_of_record
TN:
SF:src\application\services\comment-services\update-comment-service.ts
FN:1,(empty-report)
FNF:1
FNH:0
FNDA:0,(empty-report)
DA:1,0
DA:2,0
DA:3,0
DA:4,0
DA:5,0
DA:6,0
DA:7,0
DA:8,0
DA:9,0
DA:10,0
DA:11,0
DA:12,0
DA:13,0
DA:14,0
DA:15,0
DA:16,0
DA:17,0
DA:18,0
DA:19,0
DA:20,0
DA:21,0
DA:22,0
DA:23,0
DA:24,0
DA:25,0
DA:26,0
DA:27,0
DA:28,0
DA:29,0
DA:30,0
DA:31,0
DA:32,0
DA:33,0
LF:33
LH:0
BRDA:1,0,0,0
BRF:1
BRH:0
end_of_record
TN:
SF:src\application\services\post-services\delete-post-service.ts
FN:1,(empty-report)
FNF:1
FNH:0
FNDA:0,(empty-report)
DA:1,0
DA:2,0
DA:3,0
DA:4,0
DA:5,0
DA:6,0
DA:7,0
DA:8,0
DA:9,0
DA:10,0
DA:11,0
DA:12,0
DA:13,0
DA:14,0
DA:15,0
DA:16,0
DA:17,0
DA:18,0
DA:19,0
DA:20,0
DA:21,0
DA:22,0
DA:23,0
DA:24,0
DA:25,0
DA:26,0
DA:27,0
LF:27
LH:0
BRDA:1,0,0,0
BRF:1
BRH:0
end_of_record
TN:
SF:src\application\services\post-services\list-posts-service.ts
FN:1,(empty-report)
FNF:1
FNH:0
FNDA:0,(empty-report)
DA:1,0
DA:2,0
DA:3,0
DA:4,0
DA:5,0
DA:6,0
DA:7,0
DA:8,0
DA:9,0
DA:10,0
DA:11,0
DA:12,0
DA:13,0
DA:14,0
DA:15,0
DA:16,0
DA:17,0
DA:18,0
DA:19,0
DA:20,0
DA:21,0
DA:22,0
DA:23,0
DA:24,0
DA:25,0
DA:26,0
DA:27,0
DA:28,0
DA:29,0
DA:30,0
DA:31,0
LF:31
LH:0
BRDA:1,0,0,0
BRF:1
BRH:0
end_of_record
TN:
SF:src\application\services\user-services\auth-user-service.ts
FN:14,AuthUserService
FN:20,auth
FNF:2
FNH:2
FNDA:8,AuthUserService
FNDA:8,auth
DA:1,1
DA:2,1
DA:3,1
DA:4,1
DA:5,1
DA:6,1
DA:7,1
DA:8,1
DA:9,1
DA:10,1
DA:11,1
DA:12,1
DA:13,1
DA:14,1
DA:15,8
DA:16,8
DA:17,8
DA:18,8
DA:19,1
DA:20,1
DA:21,8
DA:22,8
DA:23,8
DA:24,8
DA:25,7
DA:26,7
DA:27,7
DA:28,7
DA:29,7
DA:30,8
DA:31,1
DA:32,1
DA:33,5
DA:34,5
DA:35,4
DA:36,4
DA:37,4
DA:38,4
DA:39,4
DA:40,4
DA:41,4
DA:42,4
DA:43,1
LF:43
LH:43
BRDA:14,0,0,8
BRDA:20,1,0,8
BRDA:24,2,0,1
BRDA:25,3,0,7
BRDA:30,4,0,6
BRDA:30,5,0,1
BRDA:33,6,0,5
BRDA:35,7,0,4
BRF:8
BRH:8
end_of_record
TN:
SF:src\application\services\user-services\create-user-service.ts
FN:15,CreateUserService
FN:21,createUser
FNF:2
FNH:2
FNDA:7,CreateUserService
FNDA:7,createUser
DA:1,1
DA:2,1
DA:3,1
DA:4,1
DA:5,1
DA:6,1
DA:7,1
DA:8,1
DA:9,1
DA:10,1
DA:11,1
DA:12,1
DA:13,1
DA:14,1
DA:15,1
DA:16,7
DA:17,7
DA:18,7
DA:19,7
DA:20,1
DA:21,1
DA:22,7
DA:23,7
DA:24,7
DA:25,7
DA:26,7
DA:27,7
DA:28,7
DA:29,7
DA:30,1
DA:31,1
DA:32,5
DA:33,5
DA:34,4
DA:35,4
DA:36,4
DA:37,4
DA:38,4
DA:39,4
DA:40,4
DA:41,4
DA:42,4
DA:43,4
DA:44,4
DA:45,4
DA:46,4
DA:47,4
DA:48,4
DA:49,4
DA:50,7
DA:51,1
DA:52,1
DA:53,3
DA:54,3
DA:55,1
LF:55
LH:55
BRDA:15,0,0,7
BRDA:21,1,0,7
BRDA:29,2,0,6
BRDA:29,3,0,1
BRDA:32,4,0,5
BRDA:34,5,0,4
BRDA:50,6,0,1
BRDA:53,7,0,3
BRF:8
BRH:8
end_of_record
TN:
SF:src\application\services\user-services\list-one-user-service.ts
FN:11,ListOneUserService
FN:15,listOneUser
FNF:2
FNH:2
FNDA:4,ListOneUserService
FNDA:4,listOneUser
DA:1,1
DA:2,1
DA:3,1
DA:4,1
DA:5,1
DA:6,1
DA:7,1
DA:8,1
DA:9,1
DA:10,1
DA:11,1
DA:12,4
DA:13,4
DA:14,1
DA:15,1
DA:16,4
DA:17,4
DA:18,4
DA:19,4
DA:20,3
DA:21,4
DA:22,1
DA:23,1
DA:24,2
DA:25,2
DA:26,1
LF:26
LH:26
BRDA:11,0,0,4
BRDA:15,1,0,4
BRDA:20,2,0,3
BRDA:21,3,0,1
BRDA:24,4,0,2
BRF:5
BRH:5
end_of_record
TN:
SF:src\application\services\user-services\update-user-email-service.ts
FN:1,(empty-report)
FNF:1
FNH:0
FNDA:0,(empty-report)
DA:1,0
DA:2,0
DA:3,0
DA:4,0
DA:5,0
DA:6,0
DA:7,0
DA:8,0
DA:9,0
DA:10,0
DA:11,0
DA:12,0
DA:13,0
DA:14,0
DA:15,0
DA:16,0
DA:17,0
DA:18,0
DA:19,0
DA:20,0
DA:21,0
DA:22,0
DA:23,0
DA:24,0
DA:25,0
DA:26,0
DA:27,0
DA:28,0
DA:29,0
DA:30,0
DA:31,0
DA:32,0
DA:33,0
DA:34,0
DA:35,0
DA:36,0
DA:37,0
DA:38,0
DA:39,0
DA:40,0
DA:41,0
DA:42,0
LF:42
LH:0
BRDA:1,0,0,0
BRF:1
BRH:0
end_of_record
TN:
SF:src\application\services\user-services\update-user-name-service.ts
FN:1,(empty-report)
FNF:1
FNH:0
FNDA:0,(empty-report)
DA:1,0
DA:2,0
DA:3,0
DA:4,0
DA:5,0
DA:6,0
DA:7,0
DA:8,0
DA:9,0
DA:10,0
DA:11,0
DA:12,0
DA:13,0
DA:14,0
DA:15,0
DA:16,0
DA:17,0
DA:18,0
DA:19,0
DA:20,0
DA:21,0
DA:22,0
DA:23,0
DA:24,0
DA:25,0
DA:26,0
DA:27,0
DA:28,0
DA:29,0
DA:30,0
DA:31,0
DA:32,0
DA:33,0
DA:34,0
LF:34
LH:0
BRDA:1,0,0,0
BRF:1
BRH:0
end_of_record
TN:
SF:src\application\services\user-services\update-user-username-service.ts
FN:1,(empty-report)
FNF:1
FNH:0
FNDA:0,(empty-report)
DA:1,0
DA:2,0
DA:3,0
DA:4,0
DA:5,0
DA:6,0
DA:7,0
DA:8,0
DA:9,0
DA:10,0
DA:11,0
DA:12,0
DA:13,0
DA:14,0
DA:15,0
DA:16,0
DA:17,0
DA:18,0
DA:19,0
DA:20,0
DA:21,0
DA:22,0
DA:23,0
DA:24,0
DA:25,0
DA:26,0
DA:27,0
DA:28,0
DA:29,0
DA:30,0
DA:31,0
DA:32,0
DA:33,0
DA:34,0
DA:35,0
DA:36,0
LF:36
LH:0
BRDA:1,0,0,0
BRF:1
BRH:0
end_of_record
TN:
SF:src\application\services\user-services\user-timeline-service.ts
FN:1,(empty-report)
FNF:1
FNH:0
FNDA:0,(empty-report)
DA:1,0
DA:2,0
DA:3,0
DA:4,0
DA:5,0
DA:6,0
DA:7,0
DA:8,0
DA:9,0
DA:10,0
DA:11,0
DA:12,0
DA:13,0
DA:14,0
DA:15,0
DA:16,0
DA:17,0
DA:18,0
DA:19,0
DA:20,0
DA:21,0
DA:22,0
DA:23,0
DA:24,0
DA:25,0
DA:26,0
DA:27,0
DA:28,0
DA:29,0
DA:30,0
DA:31,0
DA:32,0
DA:33,0
DA:34,0
DA:35,0
DA:36,0
DA:37,0
DA:38,0
DA:39,0
DA:40,0
DA:41,0
DA:42,0
DA:43,0
DA:44,0
DA:45,0
LF:45
LH:0
BRDA:1,0,0,0
BRF:1
BRH:0
end_of_record
TN:
SF:src\domain\entities\comment-entity.ts
FN:1,(empty-report)
FNF:1
FNH:0
FNDA:0,(empty-report)
DA:1,0
DA:2,0
DA:3,0
DA:4,0
DA:5,0
DA:6,0
LF:6
LH:0
BRDA:1,0,0,0
BRF:1
BRH:0
end_of_record
TN:
SF:src\domain\entities\user-entity.ts
FN:1,(empty-report)
FNF:1
FNH:0
FNDA:0,(empty-report)
DA:1,0
DA:2,0
DA:3,0
DA:4,0
DA:5,0
DA:6,0
DA:7,0
DA:8,0
DA:9,0
DA:10,0
DA:11,0
DA:12,0
DA:13,0
DA:14,0
DA:15,0
DA:16,0
DA:17,0
LF:17
LH:0
BRDA:1,0,0,0
BRF:1
BRH:0
end_of_record
TN:
SF:src\infra\mongodb\models\comment-model.ts
FN:1,(empty-report)
FNF:1
FNH:0
FNDA:0,(empty-report)
DA:1,0
DA:2,0
DA:3,0
DA:4,0
DA:5,0
DA:6,0
DA:7,0
DA:8,0
DA:9,0
DA:10,0
DA:11,0
DA:12,0
DA:13,0
DA:14,0
DA:15,0
DA:16,0
DA:17,0
DA:18,0
DA:19,0
DA:20,0
DA:21,0
DA:22,0
DA:23,0
DA:24,0
DA:25,0
DA:26,0
DA:27,0
DA:28,0
DA:29,0
DA:30,0
DA:31,0
DA:32,0
DA:33,0
DA:34,0
DA:35,0
DA:36,0
DA:37,0
DA:38,0
DA:39,0
DA:40,0
DA:41,0
DA:42,0
DA:43,0
DA:44,0
LF:44
LH:0
BRDA:1,0,0,0
BRF:1
BRH:0
end_of_record
TN:
SF:src\infra\mongodb\models\user-model.ts
FN:1,(empty-report)
FNF:1
FNH:0
FNDA:0,(empty-report)
DA:1,0
DA:2,0
DA:3,0
DA:4,0
DA:5,0
DA:6,0
DA:7,0
DA:8,0
DA:9,0
DA:10,0
DA:11,0
DA:12,0
DA:13,0
DA:14,0
DA:15,0
DA:16,0
DA:17,0
DA:18,0
DA:19,0
DA:20,0
DA:21,0
DA:22,0
DA:23,0
DA:24,0
DA:25,0
DA:26,0
DA:27,0
DA:28,0
DA:29,0
DA:30,0
DA:31,0
DA:32,0
DA:33,0
DA:34,0
DA:35,0
DA:36,0
DA:37,0
DA:38,0
DA:39,0
DA:40,0
DA:41,0
DA:42,0
DA:43,0
DA:44,0
DA:45,0
DA:46,0
DA:47,0
DA:48,0
DA:49,0
DA:50,0
DA:51,0
DA:52,0
DA:53,0
DA:54,0
DA:55,0
DA:56,0
DA:57,0
DA:58,0
DA:59,0
DA:60,0
DA:61,0
DA:62,0
DA:63,0
DA:64,0
DA:65,0
DA:66,0
DA:67,0
DA:68,0
DA:69,0
DA:70,0
DA:71,0
DA:72,0
DA:73,0
DA:74,0
DA:75,0
DA:76,0
DA:77,0
DA:78,0
DA:79,0
DA:80,0
DA:81,0
DA:82,0
DA:83,0
DA:84,0
DA:85,0
LF:85
LH:0
BRDA:1,0,0,0
BRF:1
BRH:0
end_of_record
TN:
SF:src\infra\mongodb\repositories\db-comment-repository.ts
FN:1,(empty-report)
FNF:1
FNH:0
FNDA:0,(empty-report)
DA:1,0
DA:2,0
DA:3,0
DA:4,0
DA:5,0
DA:6,0
DA:7,0
DA:8,0
DA:9,0
DA:10,0
DA:11,0
DA:12,0
DA:13,0
DA:14,0
DA:15,0
DA:16,0
DA:17,0
DA:18,0
DA:19,0
DA:20,0
DA:21,0
DA:22,0
DA:23,0
DA:24,0
DA:25,0
DA:26,0
DA:27,0
DA:28,0
DA:29,0
DA:30,0
DA:31,0
DA:32,0
DA:33,0
DA:34,0
DA:35,0
DA:36,0
DA:37,0
DA:38,0
DA:39,0
DA:40,0
DA:41,0
DA:42,0
DA:43,0
DA:44,0
DA:45,0
DA:46,0
DA:47,0
DA:48,0
DA:49,0
DA:50,0
DA:51,0
DA:52,0
DA:53,0
DA:54,0
DA:55,0
DA:56,0
DA:57,0
DA:58,0
DA:59,0
DA:60,0
DA:61,0
DA:62,0
DA:63,0
DA:64,0
DA:65,0
DA:66,0
DA:67,0
DA:68,0
DA:69,0
DA:70,0
DA:71,0
DA:72,0
DA:73,0
DA:74,0
DA:75,0
DA:76,0
DA:77,0
DA:78,0
DA:79,0
DA:80,0
DA:81,0
DA:82,0
DA:83,0
DA:84,0
DA:85,0
DA:86,0
DA:87,0
DA:88,0
DA:89,0
DA:90,0
DA:91,0
DA:92,0
DA:93,0
DA:94,0
DA:95,0
DA:96,0
DA:97,0
LF:97
LH:0
BRDA:1,0,0,0
BRF:1
BRH:0
end_of_record
TN:
SF:src\infra\mongodb\repositories\db-user-repository.ts
FN:1,(empty-report)
FNF:1
FNH:0
FNDA:0,(empty-report)
DA:1,0
DA:2,0
DA:3,0
DA:4,0
DA:5,0
DA:6,0
DA:7,0
DA:8,0
DA:9,0
DA:10,0
DA:11,0
DA:12,0
DA:13,0
DA:14,0
DA:15,0
DA:16,0
DA:17,0
DA:18,0
DA:19,0
DA:20,0
DA:21,0
DA:22,0
DA:23,0
DA:24,0
DA:25,0
DA:26,0
DA:27,0
DA:28,0
DA:29,0
DA:30,0
DA:31,0
DA:32,0
DA:33,0
DA:34,0
DA:35,0
DA:36,0
DA:37,0
DA:38,0
DA:39,0
DA:40,0
DA:41,0
DA:42,0
DA:43,0
DA:44,0
DA:45,0
DA:46,0
DA:47,0
DA:48,0
DA:49,0
DA:50,0
DA:51,0
DA:52,0
DA:53,0
DA:54,0
DA:55,0
DA:56,0
DA:57,0
DA:58,0
DA:59,0
DA:60,0
DA:61,0
DA:62,0
DA:63,0
DA:64,0
DA:65,0
DA:66,0
DA:67,0
DA:68,0
DA:69,0
DA:70,0
DA:71,0
DA:72,0
DA:73,0
DA:74,0
DA:75,0
DA:76,0
DA:77,0
DA:78,0
DA:79,0
DA:80,0
DA:81,0
DA:82,0
DA:83,0
DA:84,0
DA:85,0
DA:86,0
DA:87,0
DA:88,0
DA:89,0
DA:90,0
DA:91,0
DA:92,0
DA:93,0
DA:94,0
DA:95,0
DA:96,0
DA:97,0
DA:98,0
DA:99,0
DA:100,0
DA:101,0
DA:102,0
DA:103,0
DA:104,0
DA:105,0
DA:106,0
DA:107,0
DA:108,0
DA:109,0
DA:110,0
DA:111,0
DA:112,0
DA:113,0
DA:114,0
DA:115,0
DA:116,0
DA:117,0
DA:118,0
DA:119,0
DA:120,0
DA:121,0
DA:122,0
DA:123,0
DA:124,0
DA:125,0
DA:126,0
DA:127,0
DA:128,0
DA:129,0
DA:130,0
DA:131,0
DA:132,0
DA:133,0
DA:134,0
DA:135,0
DA:136,0
DA:137,0
DA:138,0
DA:139,0
DA:140,0
DA:141,0
DA:142,0
DA:143,0
DA:144,0
DA:145,0
DA:146,0
DA:147,0
DA:148,0
DA:149,0
DA:150,0
DA:151,0
DA:152,0
DA:153,0
DA:154,0
DA:155,0
DA:156,0
DA:157,0
DA:158,0
DA:159,0
DA:160,0
DA:161,0
DA:162,0
DA:163,0
DA:164,0
DA:165,0
DA:166,0
DA:167,0
DA:168,0
DA:169,0
DA:170,0
DA:171,0
DA:172,0
DA:173,0
DA:174,0
DA:175,0
DA:176,0
DA:177,0
DA:178,0
DA:179,0
DA:180,0
DA:181,0
DA:182,0
DA:183,0
DA:184,0
DA:185,0
DA:186,0
DA:187,0
DA:188,0
DA:189,0
DA:190,0
DA:191,0
DA:192,0
DA:193,0
DA:194,0
DA:195,0
DA:196,0
DA:197,0
LF:197
LH:0
BRDA:1,0,0,0
BRF:1
BRH:0
end_of_record
TN:
SF:src\presentation\controllers\comment\create-comment-controller.ts
FN:17,CreateCommentController
FN:22,handle
FNF:2
FNH:2
FNDA:8,CreateCommentController
FNDA:8,handle
DA:1,1
DA:2,1
DA:3,1
DA:4,1
DA:5,1
DA:6,1
DA:7,1
DA:8,1
DA:9,1
DA:10,1
DA:11,1
DA:12,1
DA:13,1
DA:14,1
DA:15,1
DA:16,1
DA:17,1
DA:18,8
DA:19,8
DA:20,8
DA:21,1
DA:22,1
DA:23,8
DA:24,8
DA:25,8
DA:26,1
DA:27,1
DA:28,7
DA:29,7
DA:30,8
DA:31,1
DA:32,1
DA:33,6
DA:34,6
DA:35,6
DA:36,6
DA:37,6
DA:38,6
DA:39,6
DA:40,6
DA:41,6
DA:42,3
DA:43,3
DA:44,3
DA:45,3
DA:46,3
DA:47,8
DA:48,1
LF:48
LH:48
BRDA:17,0,0,8
BRDA:22,1,0,8
BRDA:25,2,0,1
BRDA:28,3,0,7
BRDA:30,4,0,1
BRDA:33,5,0,6
BRDA:42,6,0,3
BRF:7
BRH:7
end_of_record
TN:
SF:src\presentation\controllers\comment\delete-comment-controller.ts
FN:1,(empty-report)
FNF:1
FNH:0
FNDA:0,(empty-report)
DA:1,0
DA:2,0
DA:3,0
DA:4,0
DA:5,0
DA:6,0
DA:7,0
DA:8,0
DA:9,0
DA:10,0
DA:11,0
DA:12,0
DA:13,0
DA:14,0
DA:15,0
DA:16,0
DA:17,0
DA:18,0
DA:19,0
DA:20,0
DA:21,0
DA:22,0
DA:23,0
DA:24,0
DA:25,0
DA:26,0
DA:27,0
DA:28,0
DA:29,0
DA:30,0
DA:31,0
DA:32,0
DA:33,0
DA:34,0
DA:35,0
DA:36,0
DA:37,0
DA:38,0
DA:39,0
DA:40,0
DA:41,0
DA:42,0
DA:43,0
DA:44,0
DA:45,0
DA:46,0
DA:47,0
LF:47
LH:0
BRDA:1,0,0,0
BRF:1
BRH:0
end_of_record
TN:
SF:src\presentation\controllers\comment\list-comments-controller.ts
FN:1,(empty-report)
FNF:1
FNH:0
FNDA:0,(empty-report)
DA:1,0
DA:2,0
DA:3,0
DA:4,0
DA:5,0
DA:6,0
DA:7,0
DA:8,0
DA:9,0
DA:10,0
DA:11,0
DA:12,0
DA:13,0
DA:14,0
DA:15,0
DA:16,0
DA:17,0
DA:18,0
DA:19,0
DA:20,0
DA:21,0
DA:22,0
DA:23,0
DA:24,0
DA:25,0
DA:26,0
DA:27,0
DA:28,0
DA:29,0
DA:30,0
DA:31,0
DA:32,0
DA:33,0
DA:34,0
DA:35,0
DA:36,0
DA:37,0
DA:38,0
DA:39,0
DA:40,0
DA:41,0
DA:42,0
DA:43,0
DA:44,0
DA:45,0
DA:46,0
DA:47,0
DA:48,0
DA:49,0
DA:50,0
DA:51,0
DA:52,0
LF:52
LH:0
BRDA:1,0,0,0
BRF:1
BRH:0
end_of_record
TN:
SF:src\presentation\controllers\comment\update-comment-controller.ts
FN:1,(empty-report)
FNF:1
FNH:0
FNDA:0,(empty-report)
DA:1,0
DA:2,0
DA:3,0
DA:4,0
DA:5,0
DA:6,0
DA:7,0
DA:8,0
DA:9,0
DA:10,0
DA:11,0
DA:12,0
DA:13,0
DA:14,0
DA:15,0
DA:16,0
DA:17,0
DA:18,0
DA:19,0
DA:20,0
DA:21,0
DA:22,0
DA:23,0
DA:24,0
DA:25,0
DA:26,0
DA:27,0
DA:28,0
DA:29,0
DA:30,0
DA:31,0
DA:32,0
DA:33,0
DA:34,0
DA:35,0
DA:36,0
DA:37,0
DA:38,0
DA:39,0
DA:40,0
DA:41,0
DA:42,0
DA:43,0
DA:44,0
DA:45,0
DA:46,0
DA:47,0
DA:48,0
LF:48
LH:0
BRDA:1,0,0,0
BRF:1
BRH:0
end_of_record
TN:
SF:src\presentation\controllers\post\create-post-controller.ts
FN:1,(empty-report)
FNF:1
FNH:0
FNDA:0,(empty-report)
DA:1,0
DA:2,0
DA:3,0
DA:4,0
DA:5,0
DA:6,0
DA:7,0
DA:8,0
DA:9,0
DA:10,0
DA:11,0
DA:12,0
DA:13,0
DA:14,0
DA:15,0
DA:16,0
DA:17,0
DA:18,0
DA:19,0
DA:20,0
DA:21,0
DA:22,0
DA:23,0
DA:24,0
DA:25,0
DA:26,0
DA:27,0
DA:28,0
DA:29,0
DA:30,0
DA:31,0
DA:32,0
DA:33,0
DA:34,0
DA:35,0
DA:36,0
DA:37,0
DA:38,0
DA:39,0
DA:40,0
DA:41,0
DA:42,0
DA:43,0
DA:44,0
DA:45,0
DA:46,0
DA:47,0
DA:48,0
DA:49,0
DA:50,0
DA:51,0
DA:52,0
DA:53,0
LF:53
LH:0
BRDA:1,0,0,0
BRF:1
BRH:0
end_of_record
TN:
SF:src\presentation\controllers\post\delete-post-controller.ts
FN:1,(empty-report)
FNF:1
FNH:0
FNDA:0,(empty-report)
DA:1,0
DA:2,0
DA:3,0
DA:4,0
DA:5,0
DA:6,0
DA:7,0
DA:8,0
DA:9,0
DA:10,0
DA:11,0
DA:12,0
DA:13,0
DA:14,0
DA:15,0
DA:16,0
DA:17,0
DA:18,0
DA:19,0
DA:20,0
DA:21,0
DA:22,0
DA:23,0
DA:24,0
DA:25,0
DA:26,0
DA:27,0
DA:28,0
DA:29,0
DA:30,0
DA:31,0
DA:32,0
DA:33,0
DA:34,0
DA:35,0
DA:36,0
DA:37,0
DA:38,0
DA:39,0
DA:40,0
LF:40
LH:0
BRDA:1,0,0,0
BRF:1
BRH:0
end_of_record
TN:
SF:src\presentation\controllers\post\list-posts-controller.ts
FN:1,(empty-report)
FNF:1
FNH:0
FNDA:0,(empty-report)
DA:1,0
DA:2,0
DA:3,0
DA:4,0
DA:5,0
DA:6,0
DA:7,0
DA:8,0
DA:9,0
DA:10,0
DA:11,0
DA:12,0
DA:13,0
DA:14,0
DA:15,0
DA:16,0
DA:17,0
DA:18,0
DA:19,0
DA:20,0
DA:21,0
DA:22,0
DA:23,0
DA:24,0
DA:25,0
DA:26,0
DA:27,0
DA:28,0
DA:29,0
DA:30,0
DA:31,0
DA:32,0
DA:33,0
DA:34,0
DA:35,0
DA:36,0
DA:37,0
DA:38,0
DA:39,0
DA:40,0
DA:41,0
DA:42,0
DA:43,0
DA:44,0
DA:45,0
DA:46,0
DA:47,0
DA:48,0
DA:49,0
DA:50,0
DA:51,0
LF:51
LH:0
BRDA:1,0,0,0
BRF:1
BRH:0
end_of_record
TN:
SF:src\presentation\controllers\user\create-user-controller.ts
FN:13,CreateUserController
FN:15,handle
FNF:2
FNH:2
FNDA:21,CreateUserController
FNDA:21,handle
DA:1,1
DA:2,1
DA:3,1
DA:4,1
DA:5,1
DA:6,1
DA:7,1
DA:8,1
DA:9,1
DA:10,1
DA:11,1
DA:12,1
DA:13,1
DA:14,1
DA:15,1
DA:16,21
DA:17,21
DA:18,21
DA:19,21
DA:20,21
DA:21,21
DA:22,21
DA:23,21
DA:24,21
DA:25,21
DA:26,21
DA:27,21
DA:28,21
DA:29,140
DA:30,8
DA:31,8
DA:32,140
DA:33,13
DA:34,21
DA:35,76
DA:36,8
DA:37,8
DA:38,76
DA:39,5
DA:40,5
DA:41,5
DA:42,5
DA:43,5
DA:44,5
DA:45,5
DA:46,5
DA:47,5
DA:48,5
DA:49,5
DA:50,5
DA:51,5
DA:52,5
DA:53,5
DA:54,5
DA:55,5
DA:56,5
DA:57,5
DA:58,5
DA:59,5
DA:60,5
DA:61,2
DA:62,2
DA:63,21
DA:64,3
DA:65,3
DA:66,21
DA:67,1
LF:67
LH:67
BRDA:13,0,0,21
BRDA:15,1,0,21
BRDA:28,2,0,140
BRDA:29,3,0,8
BRDA:33,4,0,13
BRDA:34,5,0,76
BRDA:35,6,0,8
BRDA:39,7,0,5
BRDA:61,8,0,2
BRDA:63,9,0,3
BRF:10
BRH:10
end_of_record
TN:
SF:src\presentation\errors\invalid-param-error.ts
FN:2,InvalidParamError
FNF:1
FNH:1
FNDA:18,InvalidParamError
DA:1,1
DA:2,1
DA:3,18
DA:4,18
DA:5,18
DA:6,1
LF:6
LH:6
BRDA:2,0,0,18
BRF:1
BRH:1
end_of_record
TN:
SF:src\presentation\errors\missing-param-error.ts
FN:2,MissingParamError
FNF:1
FNH:1
FNDA:23,MissingParamError
DA:1,1
DA:2,1
DA:3,23
DA:4,23
DA:5,23
DA:6,1
LF:6
LH:6
BRDA:2,0,0,23
BRF:1
BRH:1
end_of_record
TN:
SF:src\presentation\errors\server-error.ts
FN:2,ServerError
FNF:1
FNH:1
FNDA:4,ServerError
DA:1,1
DA:2,1
DA:3,4
DA:4,4
DA:5,4
DA:6,1
LF:6
LH:6
BRDA:2,0,0,4
BRF:1
BRH:1
end_of_record
TN:
SF:src\presentation\helpers\application-errors-helper.ts
FN:12,checkApplicationError
FNF:1
FNH:1
FNDA:6,checkApplicationError
DA:1,1
DA:2,1
DA:3,1
DA:4,1
DA:5,1
DA:6,1
DA:7,1
DA:8,1
DA:9,1
DA:10,1
DA:11,1
DA:12,1
DA:13,6
DA:14,6
DA:15,6
DA:16,0
DA:17,0
DA:18,6
DA:19,6
DA:20,0
DA:21,0
DA:22,6
DA:23,6
DA:24,0
DA:25,0
DA:26,6
DA:27,6
DA:28,0
DA:29,0
DA:30,6
DA:31,6
DA:32,1
DA:33,1
DA:34,5
DA:35,6
DA:36,1
DA:37,1
DA:38,4
DA:39,4
DA:40,1
DA:41,1
DA:42,3
DA:43,6
DA:44,0
DA:45,0
DA:46,3
DA:47,6
DA:48,0
DA:49,0
DA:50,3
DA:51,6
DA:52,0
DA:53,0
DA:54,3
DA:55,6
DA:56,0
DA:57,0
DA:58,3
DA:59,6
DA:60,0
DA:61,0
DA:62,3
DA:63,6
DA:64,0
DA:65,0
DA:66,3
DA:67,6
DA:68,0
DA:69,0
DA:70,3
DA:71,6
DA:72,0
DA:73,0
DA:74,3
DA:75,6
DA:76,0
DA:77,0
DA:78,0
DA:79,3
DA:80,6
DA:81,0
DA:82,0
DA:83,0
DA:84,3
DA:85,6
DA:86,0
DA:87,0
DA:88,0
DA:89,3
DA:90,6
DA:91,0
DA:92,0
DA:93,3
DA:94,6
DA:95,0
DA:96,0
DA:97,3
DA:98,6
DA:99,0
DA:100,0
DA:101,3
DA:102,6
DA:103,0
DA:104,0
DA:105,3
DA:106,6
DA:107,0
DA:108,0
DA:109,3
DA:110,6
DA:111,1
DA:112,1
DA:113,2
DA:114,6
DA:115,0
DA:116,0
DA:117,2
DA:118,6
DA:119,0
DA:120,0
DA:121,2
DA:122,6
DA:123,0
DA:124,0
DA:125,2
DA:126,2
DA:127,2
LF:127
LH:78
BRDA:12,0,0,6
BRDA:15,1,0,0
BRDA:19,2,0,0
BRDA:23,3,0,0
BRDA:27,4,0,0
BRDA:31,5,0,1
BRDA:34,6,0,5
BRDA:35,7,0,1
BRDA:38,8,0,4
BRDA:39,9,0,1
BRDA:42,10,0,3
BRDA:43,11,0,0
BRDA:46,12,0,3
BRDA:47,13,0,0
BRDA:50,14,0,3
BRDA:51,15,0,0
BRDA:54,16,0,3
BRDA:55,17,0,0
BRDA:58,18,0,3
BRDA:59,19,0,0
BRDA:62,20,0,3
BRDA:63,21,0,0
BRDA:66,22,0,3
BRDA:67,23,0,0
BRDA:70,24,0,3
BRDA:71,25,0,0
BRDA:74,26,0,3
BRDA:75,27,0,0
BRDA:79,28,0,3
BRDA:80,29,0,0
BRDA:84,30,0,3
BRDA:85,31,0,0
BRDA:89,32,0,3
BRDA:90,33,0,0
BRDA:93,34,0,3
BRDA:94,35,0,0
BRDA:97,36,0,3
BRDA:98,37,0,0
BRDA:101,38,0,3
BRDA:102,39,0,0
BRDA:105,40,0,3
BRDA:106,41,0,0
BRDA:109,42,0,3
BRDA:110,43,0,4
BRDA:110,44,0,1
BRDA:113,45,0,2
BRDA:114,46,0,0
BRDA:117,47,0,2
BRDA:118,48,0,0
BRDA:121,49,0,2
BRDA:122,50,0,0
BRDA:125,51,0,2
BRF:52
BRH:29
end_of_record
TN:
SF:src\presentation\helpers\http-helper.ts
FN:3,unauthorized
FN:8,forbidden
FN:13,badRequest
FN:18,conflict
FN:23,notFound
FN:28,serverError
FN:33,ok
FN:38,created
FNF:8
FNH:5
FNDA:0,unauthorized
FNDA:0,forbidden
FNDA:38,badRequest
FNDA:2,conflict
FNDA:4,notFound
FNDA:4,serverError
FNDA:0,ok
FNDA:7,created
DA:1,1
DA:2,1
DA:3,1
DA:4,0
DA:5,0
DA:6,0
DA:7,1
DA:8,1
DA:9,0
DA:10,0
DA:11,0
DA:12,1
DA:13,1
DA:14,38
DA:15,38
DA:16,38
DA:17,1
DA:18,1
DA:19,2
DA:20,2
DA:21,2
DA:22,1
DA:23,1
DA:24,4
DA:25,4
DA:26,4
DA:27,1
DA:28,1
DA:29,4
DA:30,4
DA:31,4
DA:32,1
DA:33,1
DA:34,0
DA:35,0
DA:36,0
DA:37,1
DA:38,1
DA:39,7
DA:40,7
DA:41,7
LF:41
LH:32
BRDA:13,0,0,38
BRDA:18,1,0,2
BRDA:23,2,0,4
BRDA:28,3,0,4
BRDA:38,4,0,7
BRF:5
BRH:5
end_of_record
TN:
SF:src\presentation\middlewares\admin-permission.ts
FN:1,(empty-report)
FNF:1
FNH:0
FNDA:0,(empty-report)
DA:1,0
DA:2,0
DA:3,0
DA:4,0
DA:5,0
DA:6,0
DA:7,0
DA:8,0
DA:9,0
DA:10,0
DA:11,0
DA:12,0
DA:13,0
DA:14,0
DA:15,0
DA:16,0
DA:17,0
DA:18,0
DA:19,0
DA:20,0
DA:21,0
DA:22,0
DA:23,0
DA:24,0
DA:25,0
DA:26,0
DA:27,0
DA:28,0
DA:29,0
DA:30,0
DA:31,0
DA:32,0
DA:33,0
DA:34,0
DA:35,0
DA:36,0
DA:37,0
DA:38,0
DA:39,0
DA:40,0
DA:41,0
LF:41
LH:0
BRDA:1,0,0,0
BRF:1
BRH:0
end_of_record
TN:
SF:src\presentation\validators\validator-composite.ts
FN:4,ValidatorComposite
FN:6,validate
FNF:2
FNH:2
FNDA:3,ValidatorComposite
FNDA:3,validate
DA:1,1
DA:2,1
DA:3,1
DA:4,1
DA:5,1
DA:6,1
DA:7,3
DA:8,4
DA:9,4
DA:10,2
DA:11,2
DA:12,4
DA:13,1
DA:14,1
DA:15,1
LF:15
LH:15
BRDA:4,0,0,3
BRDA:6,1,0,3
BRDA:7,2,0,4
BRDA:9,3,0,2
BRDA:13,4,0,1
BRF:5
BRH:5
end_of_record
